<?xml version="1.0" encoding="UTF-8"?>
<!-- Generated by org.testng.reporters.JUnitReportReporter -->
<testsuite hostname="Sayali" failures="0" tests="4" name="testng1.test1" time="141.811" errors="0" timestamp="2023-11-04T14:25:48 IST" skipped="0">
  <testcase classname="testng1.test1" name="facebook" time="22.078"/>
  <testcase classname="testng1.test1" name="instagram" time="36.945"/>
  <testcase classname="testng1.test1" name="zomato" time="9.905"/>
  <testcase classname="testng1.test1" name="zomato" time="72.883"/>
</testsuite> <!-- testng1.test1 -->
