<?xml version="1.0" encoding="UTF-8"?>
<!-- Generated by org.testng.reporters.JUnitReportReporter -->
<testsuite hostname="Sayali" failures="0" tests="1" name="framework1.createoragnizationpom" time="72.707" errors="0" timestamp="2023-11-04T14:11:26 IST" skipped="0">
  <testcase classname="framework1.createoragnizationpom" name="modulepom2" time="72.707"/>
</testsuite> <!-- framework1.createoragnizationpom -->
