<?xml version="1.0" encoding="UTF-8"?>
<!-- Generated by org.testng.reporters.JUnitReportReporter -->
<testsuite hostname="Sayali" failures="0" tests="1" name="framework1.createcontact" time="68.034" errors="0" timestamp="2023-11-03T15:06:11 IST" skipped="0">
  <testcase classname="framework1.createcontact" name="module1" time="68.034"/>
</testsuite> <!-- framework1.createcontact -->
