<?xml version="1.0" encoding="UTF-8"?>
<!-- Generated by org.testng.reporters.JUnitReportReporter -->
<testsuite hostname="Sayali" failures="0" tests="2" name="onlinetesting.test1" time="0.017" errors="0" timestamp="2023-11-08T15:52:37 IST" skipped="0">
  <testcase classname="onlinetesting.test1" name="myntra" time="0.004"/>
  <testcase classname="onlinetesting.test1" name="flipcart" time="0.013"/>
</testsuite> <!-- onlinetesting.test1 -->
