<?xml version="1.0" encoding="UTF-8"?>
<!-- Generated by org.testng.reporters.JUnitReportReporter -->
<testsuite hostname="Sayali" failures="0" tests="1" name="framework1.createorganization" time="78.929" errors="0" timestamp="2023-11-21T20:04:39 IST" skipped="0">
  <testcase classname="framework1.createorganization" name="organization" time="78.929"/>
</testsuite> <!-- framework1.createorganization -->
