<?xml version="1.0" encoding="UTF-8"?>
<!-- Generated by org.testng.reporters.JUnitReportReporter -->
<testsuite hostname="Sayali" failures="0" tests="2" name="onlinetesting.test1" time="0.019" errors="0" timestamp="2023-11-20T14:16:10 IST" skipped="0">
  <testcase classname="onlinetesting.test1" name="myntra" time="0.003"/>
  <testcase classname="onlinetesting.test1" name="flipcart" time="0.016"/>
</testsuite> <!-- onlinetesting.test1 -->
