<?xml version="1.0" encoding="UTF-8"?>
<!-- Generated by org.testng.reporters.JUnitReportReporter -->
<testsuite hostname="Sayali" failures="0" tests="2" name="testng1.anotation1" time="0.024" errors="0" timestamp="2023-11-04T15:30:46 IST" skipped="0">
  <testcase classname="testng1.anotation1" name="home1" time="0.009"/>
  <testcase classname="testng1.anotation1" name="home" time="0.015"/>
</testsuite> <!-- testng1.anotation1 -->
